<?xml version="1.0" encoding="UTF-8" ?>
<testsuite tests="17" failures="17" name="task.SimplyTaskListTest" time="4.609" errors="0" skipped="0">
  <properties>
    <property name="java.runtime.name" value="Java(TM) SE Runtime Environment"/>
    <property name="sun.boot.library.path" value="C:\Program Files\Java\jdk1.8.0_73\jre\bin"/>
    <property name="java.vm.version" value="25.73-b02"/>
    <property name="java.vm.vendor" value="Oracle Corporation"/>
    <property name="maven.multiModuleProjectDirectory" value="d:\Programing\workspace\MyGoal03"/>
    <property name="java.vendor.url" value="http://java.oracle.com/"/>
    <property name="path.separator" value=";"/>
    <property name="guice.disable.misplaced.annotation.check" value="true"/>
    <property name="java.vm.name" value="Java HotSpot(TM) 64-Bit Server VM"/>
    <property name="file.encoding.pkg" value="sun.io"/>
    <property name="user.script" value=""/>
    <property name="user.country" value="HU"/>
    <property name="sun.java.launcher" value="SUN_STANDARD"/>
    <property name="sun.os.patch.level" value=""/>
    <property name="java.vm.specification.name" value="Java Virtual Machine Specification"/>
    <property name="user.dir" value="d:\Programing\workspace\MyGoal03"/>
    <property name="java.runtime.version" value="1.8.0_73-b02"/>
    <property name="java.awt.graphicsenv" value="sun.awt.Win32GraphicsEnvironment"/>
    <property name="java.endorsed.dirs" value="C:\Program Files\Java\jdk1.8.0_73\jre\lib\endorsed"/>
    <property name="os.arch" value="amd64"/>
    <property name="java.io.tmpdir" value="C:\Users\Asuki\AppData\Local\Temp\"/>
    <property name="line.separator" value="
"/>
    <property name="java.vm.specification.vendor" value="Oracle Corporation"/>
    <property name="user.variant" value=""/>
    <property name="os.name" value="Windows 10"/>
    <property name="classworlds.conf" value="d:\Programing\apache-maven-3.3.9\bin\..\bin\m2.conf"/>
    <property name="sun.jnu.encoding" value="Cp1250"/>
    <property name="java.library.path" value="C:\Program Files\Java\jdk1.8.0_73\bin;C:\WINDOWS\Sun\Java\bin;C:\WINDOWS\system32;C:\WINDOWS;C:\ProgramData\Oracle\Java\javapath;C:\Program Files (x86)\Intel\TXE Components\TCS\;C:\Program Files\Intel\TXE Components\TCS\;C:\Windows\system32;C:\Windows;C:\Windows\System32\Wbem;C:\Windows\System32\WindowsPowerShell\v1.0\;C:\Program Files (x86)\NVIDIA Corporation\PhysX\Common;C:\WINDOWS\system32;C:\WINDOWS;C:\WINDOWS\System32\Wbem;C:\WINDOWS\System32\WindowsPowerShell\v1.0\;d:\Programing\apache-maven-3.3.9\bin\;."/>
    <property name="java.specification.name" value="Java Platform API Specification"/>
    <property name="java.class.version" value="52.0"/>
    <property name="sun.management.compiler" value="HotSpot 64-Bit Tiered Compilers"/>
    <property name="os.version" value="10.0"/>
    <property name="user.home" value="C:\Users\Asuki"/>
    <property name="user.timezone" value="Europe/Prague"/>
    <property name="java.awt.printerjob" value="sun.awt.windows.WPrinterJob"/>
    <property name="java.specification.version" value="1.8"/>
    <property name="file.encoding" value="Cp1250"/>
    <property name="user.name" value="Asuki"/>
    <property name="java.class.path" value="d:\Programing\apache-maven-3.3.9\bin\..\boot\plexus-classworlds-2.5.2.jar"/>
    <property name="java.vm.specification.version" value="1.8"/>
    <property name="sun.arch.data.model" value="64"/>
    <property name="java.home" value="C:\Program Files\Java\jdk1.8.0_73\jre"/>
    <property name="sun.java.command" value="org.codehaus.plexus.classworlds.launcher.Launcher test"/>
    <property name="java.specification.vendor" value="Oracle Corporation"/>
    <property name="user.language" value="hu"/>
    <property name="awt.toolkit" value="sun.awt.windows.WToolkit"/>
    <property name="java.vm.info" value="mixed mode"/>
    <property name="java.version" value="1.8.0_73"/>
    <property name="java.ext.dirs" value="C:\Program Files\Java\jdk1.8.0_73\jre\lib\ext;C:\WINDOWS\Sun\Java\lib\ext"/>
    <property name="sun.boot.class.path" value="C:\Program Files\Java\jdk1.8.0_73\jre\lib\resources.jar;C:\Program Files\Java\jdk1.8.0_73\jre\lib\rt.jar;C:\Program Files\Java\jdk1.8.0_73\jre\lib\sunrsasign.jar;C:\Program Files\Java\jdk1.8.0_73\jre\lib\jsse.jar;C:\Program Files\Java\jdk1.8.0_73\jre\lib\jce.jar;C:\Program Files\Java\jdk1.8.0_73\jre\lib\charsets.jar;C:\Program Files\Java\jdk1.8.0_73\jre\lib\jfr.jar;C:\Program Files\Java\jdk1.8.0_73\jre\classes"/>
    <property name="sun.stderr.encoding" value="cp852"/>
    <property name="java.vendor" value="Oracle Corporation"/>
    <property name="maven.home" value="d:\Programing\apache-maven-3.3.9\bin\.."/>
    <property name="file.separator" value="\"/>
    <property name="java.vendor.url.bug" value="http://bugreport.sun.com/bugreport/"/>
    <property name="sun.cpu.endian" value="little"/>
    <property name="sun.io.unicode.encoding" value="UnicodeLittle"/>
    <property name="sun.stdout.encoding" value="cp852"/>
    <property name="sun.desktop" value="windows"/>
    <property name="sun.cpu.isalist" value="amd64"/>
  </properties>
  <testcase classname="task.SimplyTaskListTest" name="task.SimplyTaskListTest.testAddTask" time="0.109">
    <failure message="org/junit/Assert" type="java.lang.NoClassDefFoundError">java.lang.NoClassDefFoundError: org/junit/Assert
	at task.SimplyTaskListTest.testAddTask(SimplyTaskListTest.java:29)
Caused by: java.lang.ClassNotFoundException: org.junit.Assert
	at java.net.URLClassLoader.findClass(URLClassLoader.java:381)
	at java.lang.ClassLoader.loadClass(ClassLoader.java:424)
	at sun.misc.Launcher$AppClassLoader.loadClass(Launcher.java:331)
	at java.lang.ClassLoader.loadClass(ClassLoader.java:357)
	... 19 more
</failure>
    <system-err>ápr. 03, 2016 4:49:50 DU task.SimplyTaskList getTaskIndex
INFO: Task index did not find.
</system-err>
  </testcase>
  <testcase classname="task.SimplyTaskListTest" name="task.SimplyTaskListTest.testGetPriority" time="0.297">
    <failure message="org/junit/Assert" type="java.lang.NoClassDefFoundError">java.lang.NoClassDefFoundError: org/junit/Assert
	at task.SimplyTaskListTest.testGetPriority(SimplyTaskListTest.java:137)
</failure>
    <system-err>ápr. 03, 2016 4:49:50 DU task.SimplyTaskList getTaskIndex
INFO: Task index did not find.
ápr. 03, 2016 4:49:50 DU task.SimplyTaskList getTaskIndex
INFO: Task index did not find.
ápr. 03, 2016 4:49:50 DU task.SimplyTaskList getFirstIndexOfCategory
INFO: The first index was found
ápr. 03, 2016 4:49:50 DU task.SimplyTaskList getLastIndexOfCategory
INFO: The first index was found
ápr. 03, 2016 4:49:50 DU task.SimplyTaskList getLastIndexOfCategory
INFO: The category does not exist
ápr. 03, 2016 4:49:50 DU task.SimplyTaskList getTaskIndex
INFO: Task index did not find.
ápr. 03, 2016 4:49:50 DU task.SimplyTaskList getFirstIndexOfCategory
INFO: The first index was found
ápr. 03, 2016 4:49:50 DU task.SimplyTaskList getLastIndexOfCategory
INFO: The first index was found
ápr. 03, 2016 4:49:50 DU task.SimplyTaskList getLastIndexOfCategory
INFO: The first index was found
ápr. 03, 2016 4:49:50 DU task.SimplyTaskList getLastIndexOfCategory
INFO: The category does not exist
ápr. 03, 2016 4:49:50 DU task.SimplyTaskList getTaskIndex
INFO: Task index did not find.
ápr. 03, 2016 4:49:50 DU task.SimplyTaskList getFirstIndexOfCategory
INFO: The first index was found
ápr. 03, 2016 4:49:50 DU task.SimplyTaskList getLastIndexOfCategory
INFO: The first index was found
ápr. 03, 2016 4:49:50 DU task.SimplyTaskList getLastIndexOfCategory
INFO: The first index was found
ápr. 03, 2016 4:49:50 DU task.SimplyTaskList getLastIndexOfCategory
INFO: The first index was found
ápr. 03, 2016 4:49:50 DU task.SimplyTaskList getLastIndexOfCategory
INFO: The category does not exist
ápr. 03, 2016 4:49:50 DU task.SimplyTaskList getTaskIndex
INFO: Task index did not find.
ápr. 03, 2016 4:49:50 DU task.SimplyTaskList getLastIndexOfCategory
INFO: The first index was found
ápr. 03, 2016 4:49:50 DU task.SimplyTaskList getLastIndexOfCategory
INFO: The first index was found
ápr. 03, 2016 4:49:50 DU task.SimplyTaskList getLastIndexOfCategory
INFO: The first index was found
ápr. 03, 2016 4:49:50 DU task.SimplyTaskList getLastIndexOfCategory
INFO: The first index was found
ápr. 03, 2016 4:49:50 DU task.SimplyTaskList getLastIndexOfCategory
INFO: The category does not exist
ápr. 03, 2016 4:49:50 DU task.SimplyTaskList getTaskIndex
INFO: Task index did not find.
ápr. 03, 2016 4:49:50 DU task.SimplyTaskList getFirstIndexOfCategory
INFO: The first index was found
ápr. 03, 2016 4:49:50 DU task.SimplyTaskList getLastIndexOfCategory
INFO: The first index was found
ápr. 03, 2016 4:49:50 DU task.SimplyTaskList getLastIndexOfCategory
INFO: The category does not exist
ápr. 03, 2016 4:49:50 DU task.SimplyTaskList getTaskIndex
INFO: Task index did not find.
ápr. 03, 2016 4:49:50 DU task.SimplyTaskList getLastIndexOfCategory
INFO: The first index was found
ápr. 03, 2016 4:49:50 DU task.SimplyTaskList getLastIndexOfCategory
INFO: The first index was found
ápr. 03, 2016 4:49:50 DU task.SimplyTaskList getLastIndexOfCategory
INFO: The category does not exist
</system-err>
  </testcase>
  <testcase classname="task.SimplyTaskListTest" name="task.SimplyTaskListTest.testSize" time="0.594">
    <failure message="org/junit/Assert" type="java.lang.NoClassDefFoundError">java.lang.NoClassDefFoundError: org/junit/Assert
	at task.SimplyTaskListTest.testSize(SimplyTaskListTest.java:184)
</failure>
    <system-err>ápr. 03, 2016 4:49:50 DU task.SimplyTaskList getTaskIndex
INFO: Task index did not find.
ápr. 03, 2016 4:49:50 DU task.SimplyTaskList getTaskIndex
INFO: Task index did not find.
ápr. 03, 2016 4:49:50 DU task.SimplyTaskList getFirstIndexOfCategory
INFO: The first index was found
ápr. 03, 2016 4:49:50 DU task.SimplyTaskList getLastIndexOfCategory
INFO: The first index was found
ápr. 03, 2016 4:49:50 DU task.SimplyTaskList getLastIndexOfCategory
INFO: The category does not exist
ápr. 03, 2016 4:49:50 DU task.SimplyTaskList getTaskIndex
INFO: Task index did not find.
ápr. 03, 2016 4:49:50 DU task.SimplyTaskList getFirstIndexOfCategory
INFO: The first index was found
ápr. 03, 2016 4:49:50 DU task.SimplyTaskList getLastIndexOfCategory
INFO: The first index was found
ápr. 03, 2016 4:49:50 DU task.SimplyTaskList getLastIndexOfCategory
INFO: The first index was found
ápr. 03, 2016 4:49:50 DU task.SimplyTaskList getLastIndexOfCategory
INFO: The category does not exist
ápr. 03, 2016 4:49:50 DU task.SimplyTaskList getTaskIndex
INFO: Task index did not find.
ápr. 03, 2016 4:49:50 DU task.SimplyTaskList getFirstIndexOfCategory
INFO: The first index was found
ápr. 03, 2016 4:49:50 DU task.SimplyTaskList getLastIndexOfCategory
INFO: The first index was found
ápr. 03, 2016 4:49:50 DU task.SimplyTaskList getLastIndexOfCategory
INFO: The first index was found
ápr. 03, 2016 4:49:50 DU task.SimplyTaskList getLastIndexOfCategory
INFO: The first index was found
ápr. 03, 2016 4:49:50 DU task.SimplyTaskList getLastIndexOfCategory
INFO: The category does not exist
ápr. 03, 2016 4:49:50 DU task.SimplyTaskList getTaskIndex
INFO: Task index did not find.
ápr. 03, 2016 4:49:50 DU task.SimplyTaskList getLastIndexOfCategory
INFO: The first index was found
ápr. 03, 2016 4:49:50 DU task.SimplyTaskList getLastIndexOfCategory
INFO: The first index was found
ápr. 03, 2016 4:49:50 DU task.SimplyTaskList getLastIndexOfCategory
INFO: The first index was found
ápr. 03, 2016 4:49:50 DU task.SimplyTaskList getLastIndexOfCategory
INFO: The first index was found
ápr. 03, 2016 4:49:50 DU task.SimplyTaskList getLastIndexOfCategory
INFO: The category does not exist
ápr. 03, 2016 4:49:50 DU task.SimplyTaskList getTaskIndex
INFO: Task index did not find.
ápr. 03, 2016 4:49:50 DU task.SimplyTaskList getFirstIndexOfCategory
INFO: The first index was found
ápr. 03, 2016 4:49:50 DU task.SimplyTaskList getLastIndexOfCategory
INFO: The first index was found
ápr. 03, 2016 4:49:50 DU task.SimplyTaskList getLastIndexOfCategory
INFO: The category does not exist
ápr. 03, 2016 4:49:51 DU task.SimplyTaskList getTaskIndex
INFO: Task index did not find.
ápr. 03, 2016 4:49:51 DU task.SimplyTaskList getLastIndexOfCategory
INFO: The first index was found
ápr. 03, 2016 4:49:51 DU task.SimplyTaskList getLastIndexOfCategory
INFO: The first index was found
ápr. 03, 2016 4:49:51 DU task.SimplyTaskList getLastIndexOfCategory
INFO: The category does not exist
</system-err>
  </testcase>
  <testcase classname="task.SimplyTaskListTest" name="task.SimplyTaskListTest.testGetTaskName" time="0.422">
    <failure message="org/junit/Assert" type="java.lang.NoClassDefFoundError">java.lang.NoClassDefFoundError: org/junit/Assert
	at task.SimplyTaskListTest.testGetTaskName(SimplyTaskListTest.java:167)
</failure>
    <system-err>ápr. 03, 2016 4:49:51 DU task.SimplyTaskList getTaskIndex
INFO: Task index did not find.
ápr. 03, 2016 4:49:51 DU task.SimplyTaskList getTaskIndex
INFO: Task index did not find.
ápr. 03, 2016 4:49:51 DU task.SimplyTaskList getFirstIndexOfCategory
INFO: The first index was found
ápr. 03, 2016 4:49:51 DU task.SimplyTaskList getLastIndexOfCategory
INFO: The first index was found
ápr. 03, 2016 4:49:51 DU task.SimplyTaskList getLastIndexOfCategory
INFO: The category does not exist
ápr. 03, 2016 4:49:51 DU task.SimplyTaskList getTaskIndex
INFO: Task index did not find.
ápr. 03, 2016 4:49:51 DU task.SimplyTaskList getFirstIndexOfCategory
INFO: The first index was found
ápr. 03, 2016 4:49:51 DU task.SimplyTaskList getLastIndexOfCategory
INFO: The first index was found
ápr. 03, 2016 4:49:51 DU task.SimplyTaskList getLastIndexOfCategory
INFO: The first index was found
ápr. 03, 2016 4:49:51 DU task.SimplyTaskList getLastIndexOfCategory
INFO: The category does not exist
ápr. 03, 2016 4:49:51 DU task.SimplyTaskList getTaskIndex
INFO: Task index did not find.
ápr. 03, 2016 4:49:51 DU task.SimplyTaskList getFirstIndexOfCategory
INFO: The first index was found
ápr. 03, 2016 4:49:51 DU task.SimplyTaskList getLastIndexOfCategory
INFO: The first index was found
ápr. 03, 2016 4:49:51 DU task.SimplyTaskList getLastIndexOfCategory
INFO: The first index was found
ápr. 03, 2016 4:49:51 DU task.SimplyTaskList getLastIndexOfCategory
INFO: The first index was found
ápr. 03, 2016 4:49:51 DU task.SimplyTaskList getLastIndexOfCategory
INFO: The category does not exist
ápr. 03, 2016 4:49:51 DU task.SimplyTaskList getTaskIndex
INFO: Task index did not find.
ápr. 03, 2016 4:49:51 DU task.SimplyTaskList getLastIndexOfCategory
INFO: The first index was found
ápr. 03, 2016 4:49:51 DU task.SimplyTaskList getLastIndexOfCategory
INFO: The first index was found
ápr. 03, 2016 4:49:51 DU task.SimplyTaskList getLastIndexOfCategory
INFO: The first index was found
ápr. 03, 2016 4:49:51 DU task.SimplyTaskList getLastIndexOfCategory
INFO: The first index was found
ápr. 03, 2016 4:49:51 DU task.SimplyTaskList getLastIndexOfCategory
INFO: The category does not exist
ápr. 03, 2016 4:49:51 DU task.SimplyTaskList getTaskIndex
INFO: Task index did not find.
ápr. 03, 2016 4:49:51 DU task.SimplyTaskList getFirstIndexOfCategory
INFO: The first index was found
ápr. 03, 2016 4:49:51 DU task.SimplyTaskList getLastIndexOfCategory
INFO: The first index was found
ápr. 03, 2016 4:49:51 DU task.SimplyTaskList getLastIndexOfCategory
INFO: The category does not exist
ápr. 03, 2016 4:49:51 DU task.SimplyTaskList getTaskIndex
INFO: Task index did not find.
ápr. 03, 2016 4:49:51 DU task.SimplyTaskList getLastIndexOfCategory
INFO: The first index was found
ápr. 03, 2016 4:49:51 DU task.SimplyTaskList getLastIndexOfCategory
INFO: The first index was found
ápr. 03, 2016 4:49:51 DU task.SimplyTaskList getLastIndexOfCategory
INFO: The category does not exist
</system-err>
  </testcase>
  <testcase classname="task.SimplyTaskListTest" name="task.SimplyTaskListTest.testLoad" time="0.687">
    <failure message="org/junit/Assert" type="java.lang.NoClassDefFoundError">java.lang.NoClassDefFoundError: org/junit/Assert
	at task.SimplyTaskListTest.testLoad(SimplyTaskListTest.java:191)
</failure>
    <system-err>ápr. 03, 2016 4:49:51 DU task.SimplyTaskList loadXML
INFO: Loading tasks from xml
ápr. 03, 2016 4:49:51 DU task.SimplyTaskList getTaskIndex
INFO: Task index did not find.
ápr. 03, 2016 4:49:51 DU task.SimplyTaskList getTaskIndex
INFO: Task index did not find.
ápr. 03, 2016 4:49:51 DU task.SimplyTaskList getFirstIndexOfCategory
INFO: The first index was found
ápr. 03, 2016 4:49:51 DU task.SimplyTaskList getLastIndexOfCategory
INFO: The first index was found
ápr. 03, 2016 4:49:51 DU task.SimplyTaskList getLastIndexOfCategory
INFO: The category does not exist
ápr. 03, 2016 4:49:51 DU task.SimplyTaskList getTaskIndex
INFO: Task index did not find.
ápr. 03, 2016 4:49:51 DU task.SimplyTaskList getFirstIndexOfCategory
INFO: The first index was found
ápr. 03, 2016 4:49:51 DU task.SimplyTaskList getLastIndexOfCategory
INFO: The first index was found
ápr. 03, 2016 4:49:51 DU task.SimplyTaskList getLastIndexOfCategory
INFO: The first index was found
ápr. 03, 2016 4:49:51 DU task.SimplyTaskList getLastIndexOfCategory
INFO: The category does not exist
ápr. 03, 2016 4:49:51 DU task.SimplyTaskList getTaskIndex
INFO: Task index did not find.
ápr. 03, 2016 4:49:51 DU task.SimplyTaskList getFirstIndexOfCategory
INFO: The first index was found
ápr. 03, 2016 4:49:51 DU task.SimplyTaskList getLastIndexOfCategory
INFO: The first index was found
ápr. 03, 2016 4:49:51 DU task.SimplyTaskList getLastIndexOfCategory
INFO: The first index was found
ápr. 03, 2016 4:49:51 DU task.SimplyTaskList getLastIndexOfCategory
INFO: The first index was found
ápr. 03, 2016 4:49:51 DU task.SimplyTaskList getLastIndexOfCategory
INFO: The category does not exist
ápr. 03, 2016 4:49:51 DU task.SimplyTaskList getTaskIndex
INFO: Task index did not find.
ápr. 03, 2016 4:49:51 DU task.SimplyTaskList getFirstIndexOfCategory
INFO: The first index was found
ápr. 03, 2016 4:49:51 DU task.SimplyTaskList getLastIndexOfCategory
INFO: The first index was found
ápr. 03, 2016 4:49:51 DU task.SimplyTaskList getLastIndexOfCategory
INFO: The first index was found
ápr. 03, 2016 4:49:51 DU task.SimplyTaskList getLastIndexOfCategory
INFO: The first index was found
ápr. 03, 2016 4:49:51 DU task.SimplyTaskList getLastIndexOfCategory
INFO: The first index was found
ápr. 03, 2016 4:49:51 DU task.SimplyTaskList getLastIndexOfCategory
INFO: The category does not exist
ápr. 03, 2016 4:49:51 DU task.SimplyTaskList getTaskIndex
INFO: Task index did not find.
ápr. 03, 2016 4:49:51 DU task.SimplyTaskList getFirstIndexOfCategory
INFO: The first index was found
ápr. 03, 2016 4:49:51 DU task.SimplyTaskList getLastIndexOfCategory
INFO: The first index was found
ápr. 03, 2016 4:49:51 DU task.SimplyTaskList getLastIndexOfCategory
INFO: The first index was found
ápr. 03, 2016 4:49:51 DU task.SimplyTaskList getLastIndexOfCategory
INFO: The first index was found
ápr. 03, 2016 4:49:51 DU task.SimplyTaskList getLastIndexOfCategory
INFO: The first index was found
ápr. 03, 2016 4:49:51 DU task.SimplyTaskList getLastIndexOfCategory
INFO: The first index was found
ápr. 03, 2016 4:49:51 DU task.SimplyTaskList getLastIndexOfCategory
INFO: The category does not exist
ápr. 03, 2016 4:49:51 DU task.SimplyTaskList getTaskIndex
INFO: Task index did not find.
ápr. 03, 2016 4:49:51 DU task.SimplyTaskList getLastIndexOfCategory
INFO: The first index was found
ápr. 03, 2016 4:49:51 DU task.SimplyTaskList getLastIndexOfCategory
INFO: The first index was found
ápr. 03, 2016 4:49:51 DU task.SimplyTaskList getLastIndexOfCategory
INFO: The first index was found
ápr. 03, 2016 4:49:51 DU task.SimplyTaskList getLastIndexOfCategory
INFO: The first index was found
ápr. 03, 2016 4:49:51 DU task.SimplyTaskList getLastIndexOfCategory
INFO: The first index was found
ápr. 03, 2016 4:49:51 DU task.SimplyTaskList getLastIndexOfCategory
INFO: The first index was found
ápr. 03, 2016 4:49:51 DU task.SimplyTaskList getLastIndexOfCategory
INFO: The category does not exist
ápr. 03, 2016 4:49:51 DU task.SimplyTaskList getTaskIndex
INFO: Task index did not find.
ápr. 03, 2016 4:49:51 DU task.SimplyTaskList getFirstIndexOfCategory
INFO: The first index was found
ápr. 03, 2016 4:49:51 DU task.SimplyTaskList getLastIndexOfCategory
INFO: The first index was found
ápr. 03, 2016 4:49:51 DU task.SimplyTaskList getLastIndexOfCategory
INFO: The category does not exist
ápr. 03, 2016 4:49:51 DU task.SimplyTaskList getTaskIndex
INFO: Task index did not find.
ápr. 03, 2016 4:49:51 DU task.SimplyTaskList getFirstIndexOfCategory
INFO: The first index was found
ápr. 03, 2016 4:49:51 DU task.SimplyTaskList getLastIndexOfCategory
INFO: The first index was found
ápr. 03, 2016 4:49:51 DU task.SimplyTaskList getLastIndexOfCategory
INFO: The first index was found
ápr. 03, 2016 4:49:51 DU task.SimplyTaskList getLastIndexOfCategory
INFO: The category does not exist
ápr. 03, 2016 4:49:51 DU task.SimplyTaskList getTaskIndex
INFO: Task index did not find.
ápr. 03, 2016 4:49:51 DU task.SimplyTaskList getFirstIndexOfCategory
INFO: The first index was found
ápr. 03, 2016 4:49:51 DU task.SimplyTaskList getLastIndexOfCategory
INFO: The first index was found
ápr. 03, 2016 4:49:51 DU task.SimplyTaskList getLastIndexOfCategory
INFO: The first index was found
ápr. 03, 2016 4:49:51 DU task.SimplyTaskList getLastIndexOfCategory
INFO: The first index was found
ápr. 03, 2016 4:49:51 DU task.SimplyTaskList getLastIndexOfCategory
INFO: The category does not exist
ápr. 03, 2016 4:49:51 DU task.SimplyTaskList getTaskIndex
INFO: Task index did not find.
ápr. 03, 2016 4:49:51 DU task.SimplyTaskList getFirstIndexOfCategory
INFO: The first index was found
ápr. 03, 2016 4:49:51 DU task.SimplyTaskList getLastIndexOfCategory
INFO: The first index was found
ápr. 03, 2016 4:49:51 DU task.SimplyTaskList getLastIndexOfCategory
INFO: The first index was found
ápr. 03, 2016 4:49:51 DU task.SimplyTaskList getLastIndexOfCategory
INFO: The first index was found
ápr. 03, 2016 4:49:51 DU task.SimplyTaskList getLastIndexOfCategory
INFO: The first index was found
ápr. 03, 2016 4:49:51 DU task.SimplyTaskList getLastIndexOfCategory
INFO: The category does not exist
ápr. 03, 2016 4:49:51 DU task.SimplyTaskList getTaskIndex
INFO: Task index did not find.
ápr. 03, 2016 4:49:51 DU task.SimplyTaskList getFirstIndexOfCategory
INFO: The first index was found
ápr. 03, 2016 4:49:51 DU task.SimplyTaskList getLastIndexOfCategory
INFO: The first index was found
ápr. 03, 2016 4:49:51 DU task.SimplyTaskList getLastIndexOfCategory
INFO: The first index was found
ápr. 03, 2016 4:49:51 DU task.SimplyTaskList getLastIndexOfCategory
INFO: The first index was found
ápr. 03, 2016 4:49:51 DU task.SimplyTaskList getLastIndexOfCategory
INFO: The first index was found
ápr. 03, 2016 4:49:51 DU task.SimplyTaskList getLastIndexOfCategory
INFO: The first index was found
ápr. 03, 2016 4:49:51 DU task.SimplyTaskList getLastIndexOfCategory
INFO: The category does not exist
ápr. 03, 2016 4:49:51 DU task.SimplyTaskList getTaskIndex
INFO: Task index did not find.
ápr. 03, 2016 4:49:51 DU task.SimplyTaskList getFirstIndexOfCategory
INFO: The first index was found
ápr. 03, 2016 4:49:51 DU task.SimplyTaskList getLastIndexOfCategory
INFO: The first index was found
ápr. 03, 2016 4:49:51 DU task.SimplyTaskList getLastIndexOfCategory
INFO: The first index was found
ápr. 03, 2016 4:49:51 DU task.SimplyTaskList getLastIndexOfCategory
INFO: The first index was found
ápr. 03, 2016 4:49:51 DU task.SimplyTaskList getLastIndexOfCategory
INFO: The first index was found
ápr. 03, 2016 4:49:51 DU task.SimplyTaskList getLastIndexOfCategory
INFO: The first index was found
ápr. 03, 2016 4:49:51 DU task.SimplyTaskList getLastIndexOfCategory
INFO: The first index was found
ápr. 03, 2016 4:49:51 DU task.SimplyTaskList getLastIndexOfCategory
INFO: The category does not exist
ápr. 03, 2016 4:49:51 DU task.SimplyTaskList getTaskIndex
INFO: Task index did not find.
ápr. 03, 2016 4:49:51 DU task.SimplyTaskList getLastIndexOfCategory
INFO: The first index was found
ápr. 03, 2016 4:49:51 DU task.SimplyTaskList getLastIndexOfCategory
INFO: The first index was found
ápr. 03, 2016 4:49:51 DU task.SimplyTaskList getLastIndexOfCategory
INFO: The first index was found
ápr. 03, 2016 4:49:51 DU task.SimplyTaskList getLastIndexOfCategory
INFO: The first index was found
ápr. 03, 2016 4:49:51 DU task.SimplyTaskList getLastIndexOfCategory
INFO: The first index was found
ápr. 03, 2016 4:49:51 DU task.SimplyTaskList getLastIndexOfCategory
INFO: The first index was found
ápr. 03, 2016 4:49:51 DU task.SimplyTaskList getLastIndexOfCategory
INFO: The first index was found
ápr. 03, 2016 4:49:51 DU task.SimplyTaskList getLastIndexOfCategory
INFO: The category does not exist
ápr. 03, 2016 4:49:51 DU task.SimplyTaskList getTaskIndex
INFO: Task index did not find.
ápr. 03, 2016 4:49:51 DU task.SimplyTaskList getFirstIndexOfCategory
INFO: The first index was found
ápr. 03, 2016 4:49:51 DU task.SimplyTaskList getLastIndexOfCategory
INFO: The first index was found
ápr. 03, 2016 4:49:51 DU task.SimplyTaskList getLastIndexOfCategory
INFO: The category does not exist
</system-err>
  </testcase>
  <testcase classname="task.SimplyTaskListTest" name="task.SimplyTaskListTest.testFinishTask" time="0.219">
    <failure message="org/junit/Assert" type="java.lang.NoClassDefFoundError">java.lang.NoClassDefFoundError: org/junit/Assert
	at task.SimplyTaskListTest.testFinishTask(SimplyTaskListTest.java:83)
</failure>
    <system-err>ápr. 03, 2016 4:49:51 DU task.SimplyTaskList getTaskIndex
INFO: Task index did not find.
ápr. 03, 2016 4:49:51 DU task.SimplyTaskList getTaskIndex
INFO: Task index did not find.
ápr. 03, 2016 4:49:51 DU task.SimplyTaskList getFirstIndexOfCategory
INFO: The first index was found
ápr. 03, 2016 4:49:51 DU task.SimplyTaskList getLastIndexOfCategory
INFO: The first index was found
ápr. 03, 2016 4:49:51 DU task.SimplyTaskList getLastIndexOfCategory
INFO: The category does not exist
ápr. 03, 2016 4:49:51 DU task.SimplyTaskList getTaskIndex
INFO: Task index did not find.
ápr. 03, 2016 4:49:51 DU task.SimplyTaskList getFirstIndexOfCategory
INFO: The first index was found
ápr. 03, 2016 4:49:51 DU task.SimplyTaskList getLastIndexOfCategory
INFO: The first index was found
ápr. 03, 2016 4:49:51 DU task.SimplyTaskList getLastIndexOfCategory
INFO: The first index was found
ápr. 03, 2016 4:49:51 DU task.SimplyTaskList getLastIndexOfCategory
INFO: The category does not exist
ápr. 03, 2016 4:49:51 DU task.SimplyTaskList getTaskIndex
INFO: Task index did not find.
ápr. 03, 2016 4:49:51 DU task.SimplyTaskList getFirstIndexOfCategory
INFO: The first index was found
ápr. 03, 2016 4:49:51 DU task.SimplyTaskList getLastIndexOfCategory
INFO: The first index was found
ápr. 03, 2016 4:49:51 DU task.SimplyTaskList getLastIndexOfCategory
INFO: The first index was found
ápr. 03, 2016 4:49:51 DU task.SimplyTaskList getLastIndexOfCategory
INFO: The first index was found
ápr. 03, 2016 4:49:51 DU task.SimplyTaskList getLastIndexOfCategory
INFO: The category does not exist
ápr. 03, 2016 4:49:51 DU task.SimplyTaskList getTaskIndex
INFO: Task index did not find.
ápr. 03, 2016 4:49:51 DU task.SimplyTaskList getLastIndexOfCategory
INFO: The first index was found
ápr. 03, 2016 4:49:51 DU task.SimplyTaskList getLastIndexOfCategory
INFO: The first index was found
ápr. 03, 2016 4:49:51 DU task.SimplyTaskList getLastIndexOfCategory
INFO: The first index was found
ápr. 03, 2016 4:49:51 DU task.SimplyTaskList getLastIndexOfCategory
INFO: The first index was found
ápr. 03, 2016 4:49:51 DU task.SimplyTaskList getLastIndexOfCategory
INFO: The category does not exist
ápr. 03, 2016 4:49:51 DU task.SimplyTaskList getTaskIndex
INFO: Task index did not find.
ápr. 03, 2016 4:49:51 DU task.SimplyTaskList getFirstIndexOfCategory
INFO: The first index was found
ápr. 03, 2016 4:49:51 DU task.SimplyTaskList getLastIndexOfCategory
INFO: The first index was found
ápr. 03, 2016 4:49:51 DU task.SimplyTaskList getLastIndexOfCategory
INFO: The category does not exist
ápr. 03, 2016 4:49:51 DU task.SimplyTaskList getTaskIndex
INFO: Task index did not find.
ápr. 03, 2016 4:49:51 DU task.SimplyTaskList getLastIndexOfCategory
INFO: The first index was found
ápr. 03, 2016 4:49:51 DU task.SimplyTaskList getLastIndexOfCategory
INFO: The first index was found
ápr. 03, 2016 4:49:51 DU task.SimplyTaskList getLastIndexOfCategory
INFO: The category does not exist
ápr. 03, 2016 4:49:51 DU task.SimplyTaskList getTaskIndex
INFO: Task index found: 1
</system-err>
  </testcase>
  <testcase classname="task.SimplyTaskListTest" name="task.SimplyTaskListTest.testGetTaskIndex" time="0.203">
    <failure message="org/junit/Assert" type="java.lang.NoClassDefFoundError">java.lang.NoClassDefFoundError: org/junit/Assert
	at task.SimplyTaskListTest.testGetTaskIndex(SimplyTaskListTest.java:75)
</failure>
    <system-err>ápr. 03, 2016 4:49:51 DU task.SimplyTaskList getTaskIndex
INFO: Task index did not find.
ápr. 03, 2016 4:49:51 DU task.SimplyTaskList getTaskIndex
INFO: Task index did not find.
ápr. 03, 2016 4:49:51 DU task.SimplyTaskList getFirstIndexOfCategory
INFO: The first index was found
ápr. 03, 2016 4:49:51 DU task.SimplyTaskList getLastIndexOfCategory
INFO: The first index was found
ápr. 03, 2016 4:49:51 DU task.SimplyTaskList getLastIndexOfCategory
INFO: The category does not exist
ápr. 03, 2016 4:49:51 DU task.SimplyTaskList getTaskIndex
INFO: Task index did not find.
ápr. 03, 2016 4:49:51 DU task.SimplyTaskList getFirstIndexOfCategory
INFO: The first index was found
ápr. 03, 2016 4:49:51 DU task.SimplyTaskList getLastIndexOfCategory
INFO: The first index was found
ápr. 03, 2016 4:49:51 DU task.SimplyTaskList getLastIndexOfCategory
INFO: The first index was found
ápr. 03, 2016 4:49:51 DU task.SimplyTaskList getLastIndexOfCategory
INFO: The category does not exist
ápr. 03, 2016 4:49:51 DU task.SimplyTaskList getTaskIndex
INFO: Task index did not find.
ápr. 03, 2016 4:49:51 DU task.SimplyTaskList getFirstIndexOfCategory
INFO: The first index was found
ápr. 03, 2016 4:49:51 DU task.SimplyTaskList getLastIndexOfCategory
INFO: The first index was found
ápr. 03, 2016 4:49:51 DU task.SimplyTaskList getLastIndexOfCategory
INFO: The first index was found
ápr. 03, 2016 4:49:51 DU task.SimplyTaskList getLastIndexOfCategory
INFO: The first index was found
ápr. 03, 2016 4:49:51 DU task.SimplyTaskList getLastIndexOfCategory
INFO: The category does not exist
ápr. 03, 2016 4:49:51 DU task.SimplyTaskList getTaskIndex
INFO: Task index did not find.
ápr. 03, 2016 4:49:51 DU task.SimplyTaskList getLastIndexOfCategory
INFO: The first index was found
ápr. 03, 2016 4:49:51 DU task.SimplyTaskList getLastIndexOfCategory
INFO: The first index was found
ápr. 03, 2016 4:49:51 DU task.SimplyTaskList getLastIndexOfCategory
INFO: The first index was found
ápr. 03, 2016 4:49:51 DU task.SimplyTaskList getLastIndexOfCategory
INFO: The first index was found
ápr. 03, 2016 4:49:51 DU task.SimplyTaskList getLastIndexOfCategory
INFO: The category does not exist
ápr. 03, 2016 4:49:51 DU task.SimplyTaskList getTaskIndex
INFO: Task index did not find.
ápr. 03, 2016 4:49:51 DU task.SimplyTaskList getFirstIndexOfCategory
INFO: The first index was found
ápr. 03, 2016 4:49:51 DU task.SimplyTaskList getLastIndexOfCategory
INFO: The first index was found
ápr. 03, 2016 4:49:51 DU task.SimplyTaskList getLastIndexOfCategory
INFO: The category does not exist
ápr. 03, 2016 4:49:51 DU task.SimplyTaskList getTaskIndex
INFO: Task index did not find.
ápr. 03, 2016 4:49:51 DU task.SimplyTaskList getLastIndexOfCategory
INFO: The first index was found
ápr. 03, 2016 4:49:51 DU task.SimplyTaskList getLastIndexOfCategory
INFO: The first index was found
ápr. 03, 2016 4:49:51 DU task.SimplyTaskList getLastIndexOfCategory
INFO: The category does not exist
ápr. 03, 2016 4:49:51 DU task.SimplyTaskList getTaskIndex
INFO: Task index found: 1
</system-err>
  </testcase>
  <testcase classname="task.SimplyTaskListTest" name="task.SimplyTaskListTest.testSetListName" time="0.25">
    <failure message="org/junit/Assert" type="java.lang.NoClassDefFoundError">java.lang.NoClassDefFoundError: org/junit/Assert
	at task.SimplyTaskListTest.testSetListName(SimplyTaskListTest.java:178)
</failure>
    <system-err>ápr. 03, 2016 4:49:51 DU task.SimplyTaskList getTaskIndex
INFO: Task index did not find.
ápr. 03, 2016 4:49:51 DU task.SimplyTaskList getTaskIndex
INFO: Task index did not find.
ápr. 03, 2016 4:49:51 DU task.SimplyTaskList getFirstIndexOfCategory
INFO: The first index was found
ápr. 03, 2016 4:49:51 DU task.SimplyTaskList getLastIndexOfCategory
INFO: The first index was found
ápr. 03, 2016 4:49:51 DU task.SimplyTaskList getLastIndexOfCategory
INFO: The category does not exist
ápr. 03, 2016 4:49:51 DU task.SimplyTaskList getTaskIndex
INFO: Task index did not find.
ápr. 03, 2016 4:49:51 DU task.SimplyTaskList getFirstIndexOfCategory
INFO: The first index was found
ápr. 03, 2016 4:49:51 DU task.SimplyTaskList getLastIndexOfCategory
INFO: The first index was found
ápr. 03, 2016 4:49:51 DU task.SimplyTaskList getLastIndexOfCategory
INFO: The first index was found
ápr. 03, 2016 4:49:51 DU task.SimplyTaskList getLastIndexOfCategory
INFO: The category does not exist
ápr. 03, 2016 4:49:51 DU task.SimplyTaskList getTaskIndex
INFO: Task index did not find.
ápr. 03, 2016 4:49:51 DU task.SimplyTaskList getFirstIndexOfCategory
INFO: The first index was found
ápr. 03, 2016 4:49:51 DU task.SimplyTaskList getLastIndexOfCategory
INFO: The first index was found
ápr. 03, 2016 4:49:51 DU task.SimplyTaskList getLastIndexOfCategory
INFO: The first index was found
ápr. 03, 2016 4:49:51 DU task.SimplyTaskList getLastIndexOfCategory
INFO: The first index was found
ápr. 03, 2016 4:49:51 DU task.SimplyTaskList getLastIndexOfCategory
INFO: The category does not exist
ápr. 03, 2016 4:49:51 DU task.SimplyTaskList getTaskIndex
INFO: Task index did not find.
ápr. 03, 2016 4:49:51 DU task.SimplyTaskList getLastIndexOfCategory
INFO: The first index was found
ápr. 03, 2016 4:49:51 DU task.SimplyTaskList getLastIndexOfCategory
INFO: The first index was found
ápr. 03, 2016 4:49:51 DU task.SimplyTaskList getLastIndexOfCategory
INFO: The first index was found
ápr. 03, 2016 4:49:51 DU task.SimplyTaskList getLastIndexOfCategory
INFO: The first index was found
ápr. 03, 2016 4:49:51 DU task.SimplyTaskList getLastIndexOfCategory
INFO: The category does not exist
ápr. 03, 2016 4:49:51 DU task.SimplyTaskList getTaskIndex
INFO: Task index did not find.
ápr. 03, 2016 4:49:51 DU task.SimplyTaskList getFirstIndexOfCategory
INFO: The first index was found
ápr. 03, 2016 4:49:51 DU task.SimplyTaskList getLastIndexOfCategory
INFO: The first index was found
ápr. 03, 2016 4:49:51 DU task.SimplyTaskList getLastIndexOfCategory
INFO: The category does not exist
ápr. 03, 2016 4:49:51 DU task.SimplyTaskList getTaskIndex
INFO: Task index did not find.
ápr. 03, 2016 4:49:51 DU task.SimplyTaskList getLastIndexOfCategory
INFO: The first index was found
ápr. 03, 2016 4:49:51 DU task.SimplyTaskList getLastIndexOfCategory
INFO: The first index was found
ápr. 03, 2016 4:49:51 DU task.SimplyTaskList getLastIndexOfCategory
INFO: The category does not exist
</system-err>
  </testcase>
  <testcase classname="task.SimplyTaskListTest" name="task.SimplyTaskListTest.testGetCategory" time="0.25">
    <failure message="org/junit/Assert" type="java.lang.NoClassDefFoundError">java.lang.NoClassDefFoundError: org/junit/Assert
	at task.SimplyTaskListTest.testGetCategory(SimplyTaskListTest.java:107)
</failure>
    <system-err>ápr. 03, 2016 4:49:51 DU task.SimplyTaskList getTaskIndex
INFO: Task index did not find.
ápr. 03, 2016 4:49:51 DU task.SimplyTaskList getTaskIndex
INFO: Task index did not find.
ápr. 03, 2016 4:49:51 DU task.SimplyTaskList getFirstIndexOfCategory
INFO: The first index was found
ápr. 03, 2016 4:49:51 DU task.SimplyTaskList getLastIndexOfCategory
INFO: The first index was found
ápr. 03, 2016 4:49:51 DU task.SimplyTaskList getLastIndexOfCategory
INFO: The category does not exist
ápr. 03, 2016 4:49:51 DU task.SimplyTaskList getTaskIndex
INFO: Task index did not find.
ápr. 03, 2016 4:49:51 DU task.SimplyTaskList getFirstIndexOfCategory
INFO: The first index was found
ápr. 03, 2016 4:49:51 DU task.SimplyTaskList getLastIndexOfCategory
INFO: The first index was found
ápr. 03, 2016 4:49:51 DU task.SimplyTaskList getLastIndexOfCategory
INFO: The first index was found
ápr. 03, 2016 4:49:51 DU task.SimplyTaskList getLastIndexOfCategory
INFO: The category does not exist
ápr. 03, 2016 4:49:51 DU task.SimplyTaskList getTaskIndex
INFO: Task index did not find.
ápr. 03, 2016 4:49:51 DU task.SimplyTaskList getFirstIndexOfCategory
INFO: The first index was found
ápr. 03, 2016 4:49:51 DU task.SimplyTaskList getLastIndexOfCategory
INFO: The first index was found
ápr. 03, 2016 4:49:51 DU task.SimplyTaskList getLastIndexOfCategory
INFO: The first index was found
ápr. 03, 2016 4:49:51 DU task.SimplyTaskList getLastIndexOfCategory
INFO: The first index was found
ápr. 03, 2016 4:49:51 DU task.SimplyTaskList getLastIndexOfCategory
INFO: The category does not exist
ápr. 03, 2016 4:49:51 DU task.SimplyTaskList getTaskIndex
INFO: Task index did not find.
ápr. 03, 2016 4:49:51 DU task.SimplyTaskList getLastIndexOfCategory
INFO: The first index was found
ápr. 03, 2016 4:49:51 DU task.SimplyTaskList getLastIndexOfCategory
INFO: The first index was found
ápr. 03, 2016 4:49:51 DU task.SimplyTaskList getLastIndexOfCategory
INFO: The first index was found
ápr. 03, 2016 4:49:51 DU task.SimplyTaskList getLastIndexOfCategory
INFO: The first index was found
ápr. 03, 2016 4:49:51 DU task.SimplyTaskList getLastIndexOfCategory
INFO: The category does not exist
ápr. 03, 2016 4:49:51 DU task.SimplyTaskList getTaskIndex
INFO: Task index did not find.
ápr. 03, 2016 4:49:51 DU task.SimplyTaskList getFirstIndexOfCategory
INFO: The first index was found
ápr. 03, 2016 4:49:51 DU task.SimplyTaskList getLastIndexOfCategory
INFO: The first index was found
ápr. 03, 2016 4:49:51 DU task.SimplyTaskList getLastIndexOfCategory
INFO: The category does not exist
ápr. 03, 2016 4:49:51 DU task.SimplyTaskList getTaskIndex
INFO: Task index did not find.
ápr. 03, 2016 4:49:51 DU task.SimplyTaskList getLastIndexOfCategory
INFO: The first index was found
ápr. 03, 2016 4:49:51 DU task.SimplyTaskList getLastIndexOfCategory
INFO: The first index was found
ápr. 03, 2016 4:49:51 DU task.SimplyTaskList getLastIndexOfCategory
INFO: The category does not exist
</system-err>
  </testcase>
  <testcase classname="task.SimplyTaskListTest" name="task.SimplyTaskListTest.testGetListName" time="0.219">
    <failure message="org/junit/Assert" type="java.lang.NoClassDefFoundError">java.lang.NoClassDefFoundError: org/junit/Assert
	at task.SimplyTaskListTest.testGetListName(SimplyTaskListTest.java:131)
</failure>
    <system-err>ápr. 03, 2016 4:49:51 DU task.SimplyTaskList getTaskIndex
INFO: Task index did not find.
ápr. 03, 2016 4:49:51 DU task.SimplyTaskList getTaskIndex
INFO: Task index did not find.
ápr. 03, 2016 4:49:51 DU task.SimplyTaskList getFirstIndexOfCategory
INFO: The first index was found
ápr. 03, 2016 4:49:51 DU task.SimplyTaskList getLastIndexOfCategory
INFO: The first index was found
ápr. 03, 2016 4:49:51 DU task.SimplyTaskList getLastIndexOfCategory
INFO: The category does not exist
ápr. 03, 2016 4:49:51 DU task.SimplyTaskList getTaskIndex
INFO: Task index did not find.
ápr. 03, 2016 4:49:51 DU task.SimplyTaskList getFirstIndexOfCategory
INFO: The first index was found
ápr. 03, 2016 4:49:51 DU task.SimplyTaskList getLastIndexOfCategory
INFO: The first index was found
ápr. 03, 2016 4:49:51 DU task.SimplyTaskList getLastIndexOfCategory
INFO: The first index was found
ápr. 03, 2016 4:49:51 DU task.SimplyTaskList getLastIndexOfCategory
INFO: The category does not exist
ápr. 03, 2016 4:49:51 DU task.SimplyTaskList getTaskIndex
INFO: Task index did not find.
ápr. 03, 2016 4:49:51 DU task.SimplyTaskList getFirstIndexOfCategory
INFO: The first index was found
ápr. 03, 2016 4:49:51 DU task.SimplyTaskList getLastIndexOfCategory
INFO: The first index was found
ápr. 03, 2016 4:49:51 DU task.SimplyTaskList getLastIndexOfCategory
INFO: The first index was found
ápr. 03, 2016 4:49:51 DU task.SimplyTaskList getLastIndexOfCategory
INFO: The first index was found
ápr. 03, 2016 4:49:51 DU task.SimplyTaskList getLastIndexOfCategory
INFO: The category does not exist
ápr. 03, 2016 4:49:51 DU task.SimplyTaskList getTaskIndex
INFO: Task index did not find.
ápr. 03, 2016 4:49:51 DU task.SimplyTaskList getLastIndexOfCategory
INFO: The first index was found
ápr. 03, 2016 4:49:51 DU task.SimplyTaskList getLastIndexOfCategory
INFO: The first index was found
ápr. 03, 2016 4:49:51 DU task.SimplyTaskList getLastIndexOfCategory
INFO: The first index was found
ápr. 03, 2016 4:49:51 DU task.SimplyTaskList getLastIndexOfCategory
INFO: The first index was found
ápr. 03, 2016 4:49:51 DU task.SimplyTaskList getLastIndexOfCategory
INFO: The category does not exist
ápr. 03, 2016 4:49:51 DU task.SimplyTaskList getTaskIndex
INFO: Task index did not find.
ápr. 03, 2016 4:49:51 DU task.SimplyTaskList getFirstIndexOfCategory
INFO: The first index was found
ápr. 03, 2016 4:49:51 DU task.SimplyTaskList getLastIndexOfCategory
INFO: The first index was found
ápr. 03, 2016 4:49:51 DU task.SimplyTaskList getLastIndexOfCategory
INFO: The category does not exist
ápr. 03, 2016 4:49:51 DU task.SimplyTaskList getTaskIndex
INFO: Task index did not find.
ápr. 03, 2016 4:49:51 DU task.SimplyTaskList getLastIndexOfCategory
INFO: The first index was found
ápr. 03, 2016 4:49:51 DU task.SimplyTaskList getLastIndexOfCategory
INFO: The first index was found
ápr. 03, 2016 4:49:51 DU task.SimplyTaskList getLastIndexOfCategory
INFO: The category does not exist
</system-err>
  </testcase>
  <testcase classname="task.SimplyTaskListTest" name="task.SimplyTaskListTest.testGetIsFinished" time="0.203">
    <failure message="org/junit/Assert" type="java.lang.NoClassDefFoundError">java.lang.NoClassDefFoundError: org/junit/Assert
	at task.SimplyTaskListTest.testGetIsFinished(SimplyTaskListTest.java:117)
</failure>
    <system-err>ápr. 03, 2016 4:49:51 DU task.SimplyTaskList getTaskIndex
INFO: Task index did not find.
ápr. 03, 2016 4:49:51 DU task.SimplyTaskList getTaskIndex
INFO: Task index did not find.
ápr. 03, 2016 4:49:51 DU task.SimplyTaskList getFirstIndexOfCategory
INFO: The first index was found
ápr. 03, 2016 4:49:51 DU task.SimplyTaskList getLastIndexOfCategory
INFO: The first index was found
ápr. 03, 2016 4:49:51 DU task.SimplyTaskList getLastIndexOfCategory
INFO: The category does not exist
ápr. 03, 2016 4:49:51 DU task.SimplyTaskList getTaskIndex
INFO: Task index did not find.
ápr. 03, 2016 4:49:51 DU task.SimplyTaskList getFirstIndexOfCategory
INFO: The first index was found
ápr. 03, 2016 4:49:51 DU task.SimplyTaskList getLastIndexOfCategory
INFO: The first index was found
ápr. 03, 2016 4:49:51 DU task.SimplyTaskList getLastIndexOfCategory
INFO: The first index was found
ápr. 03, 2016 4:49:51 DU task.SimplyTaskList getLastIndexOfCategory
INFO: The category does not exist
ápr. 03, 2016 4:49:51 DU task.SimplyTaskList getTaskIndex
INFO: Task index did not find.
ápr. 03, 2016 4:49:51 DU task.SimplyTaskList getFirstIndexOfCategory
INFO: The first index was found
ápr. 03, 2016 4:49:51 DU task.SimplyTaskList getLastIndexOfCategory
INFO: The first index was found
ápr. 03, 2016 4:49:51 DU task.SimplyTaskList getLastIndexOfCategory
INFO: The first index was found
ápr. 03, 2016 4:49:51 DU task.SimplyTaskList getLastIndexOfCategory
INFO: The first index was found
ápr. 03, 2016 4:49:51 DU task.SimplyTaskList getLastIndexOfCategory
INFO: The category does not exist
ápr. 03, 2016 4:49:51 DU task.SimplyTaskList getTaskIndex
INFO: Task index did not find.
ápr. 03, 2016 4:49:51 DU task.SimplyTaskList getLastIndexOfCategory
INFO: The first index was found
ápr. 03, 2016 4:49:51 DU task.SimplyTaskList getLastIndexOfCategory
INFO: The first index was found
ápr. 03, 2016 4:49:51 DU task.SimplyTaskList getLastIndexOfCategory
INFO: The first index was found
ápr. 03, 2016 4:49:51 DU task.SimplyTaskList getLastIndexOfCategory
INFO: The first index was found
ápr. 03, 2016 4:49:51 DU task.SimplyTaskList getLastIndexOfCategory
INFO: The category does not exist
ápr. 03, 2016 4:49:51 DU task.SimplyTaskList getTaskIndex
INFO: Task index did not find.
ápr. 03, 2016 4:49:51 DU task.SimplyTaskList getFirstIndexOfCategory
INFO: The first index was found
ápr. 03, 2016 4:49:51 DU task.SimplyTaskList getLastIndexOfCategory
INFO: The first index was found
ápr. 03, 2016 4:49:51 DU task.SimplyTaskList getLastIndexOfCategory
INFO: The category does not exist
ápr. 03, 2016 4:49:51 DU task.SimplyTaskList getTaskIndex
INFO: Task index did not find.
ápr. 03, 2016 4:49:51 DU task.SimplyTaskList getLastIndexOfCategory
INFO: The first index was found
ápr. 03, 2016 4:49:51 DU task.SimplyTaskList getLastIndexOfCategory
INFO: The first index was found
ápr. 03, 2016 4:49:51 DU task.SimplyTaskList getLastIndexOfCategory
INFO: The category does not exist
ápr. 03, 2016 4:49:51 DU task.SimplyTaskList reorderTasksAfterRemove
INFO: Priorities was added successful
ápr. 03, 2016 4:49:51 DU task.SimplyTaskList finishTask
INFO: Task with then taskIndex: 3 was succesful.
ápr. 03, 2016 4:49:51 DU task.SimplyTaskList isFinished
INFO: The task is finished: taskA3
</system-err>
  </testcase>
  <testcase classname="task.SimplyTaskListTest" name="task.SimplyTaskListTest.testGetPriorityCategories" time="0.235">
    <failure message="org/junit/Assert" type="java.lang.NoClassDefFoundError">java.lang.NoClassDefFoundError: org/junit/Assert
	at task.SimplyTaskListTest.testGetPriorityCategories(SimplyTaskListTest.java:150)
</failure>
    <system-err>ápr. 03, 2016 4:49:51 DU task.SimplyTaskList getTaskIndex
INFO: Task index did not find.
ápr. 03, 2016 4:49:51 DU task.SimplyTaskList getTaskIndex
INFO: Task index did not find.
ápr. 03, 2016 4:49:51 DU task.SimplyTaskList getFirstIndexOfCategory
INFO: The first index was found
ápr. 03, 2016 4:49:51 DU task.SimplyTaskList getLastIndexOfCategory
INFO: The first index was found
ápr. 03, 2016 4:49:51 DU task.SimplyTaskList getLastIndexOfCategory
INFO: The category does not exist
ápr. 03, 2016 4:49:51 DU task.SimplyTaskList getTaskIndex
INFO: Task index did not find.
ápr. 03, 2016 4:49:51 DU task.SimplyTaskList getFirstIndexOfCategory
INFO: The first index was found
ápr. 03, 2016 4:49:51 DU task.SimplyTaskList getLastIndexOfCategory
INFO: The first index was found
ápr. 03, 2016 4:49:51 DU task.SimplyTaskList getLastIndexOfCategory
INFO: The first index was found
ápr. 03, 2016 4:49:51 DU task.SimplyTaskList getLastIndexOfCategory
INFO: The category does not exist
ápr. 03, 2016 4:49:51 DU task.SimplyTaskList getTaskIndex
INFO: Task index did not find.
ápr. 03, 2016 4:49:51 DU task.SimplyTaskList getFirstIndexOfCategory
INFO: The first index was found
ápr. 03, 2016 4:49:51 DU task.SimplyTaskList getLastIndexOfCategory
INFO: The first index was found
ápr. 03, 2016 4:49:51 DU task.SimplyTaskList getLastIndexOfCategory
INFO: The first index was found
ápr. 03, 2016 4:49:51 DU task.SimplyTaskList getLastIndexOfCategory
INFO: The first index was found
ápr. 03, 2016 4:49:51 DU task.SimplyTaskList getLastIndexOfCategory
INFO: The category does not exist
ápr. 03, 2016 4:49:51 DU task.SimplyTaskList getTaskIndex
INFO: Task index did not find.
ápr. 03, 2016 4:49:51 DU task.SimplyTaskList getLastIndexOfCategory
INFO: The first index was found
ápr. 03, 2016 4:49:51 DU task.SimplyTaskList getLastIndexOfCategory
INFO: The first index was found
ápr. 03, 2016 4:49:51 DU task.SimplyTaskList getLastIndexOfCategory
INFO: The first index was found
ápr. 03, 2016 4:49:51 DU task.SimplyTaskList getLastIndexOfCategory
INFO: The first index was found
ápr. 03, 2016 4:49:51 DU task.SimplyTaskList getLastIndexOfCategory
INFO: The category does not exist
ápr. 03, 2016 4:49:51 DU task.SimplyTaskList getTaskIndex
INFO: Task index did not find.
ápr. 03, 2016 4:49:51 DU task.SimplyTaskList getFirstIndexOfCategory
INFO: The first index was found
ápr. 03, 2016 4:49:51 DU task.SimplyTaskList getLastIndexOfCategory
INFO: The first index was found
ápr. 03, 2016 4:49:51 DU task.SimplyTaskList getLastIndexOfCategory
INFO: The category does not exist
ápr. 03, 2016 4:49:51 DU task.SimplyTaskList getTaskIndex
INFO: Task index did not find.
ápr. 03, 2016 4:49:51 DU task.SimplyTaskList getLastIndexOfCategory
INFO: The first index was found
ápr. 03, 2016 4:49:51 DU task.SimplyTaskList getLastIndexOfCategory
INFO: The first index was found
ápr. 03, 2016 4:49:51 DU task.SimplyTaskList getLastIndexOfCategory
INFO: The category does not exist
</system-err>
  </testcase>
  <testcase classname="task.SimplyTaskListTest" name="task.SimplyTaskListTest.testGetTaskCategory" time="0.25">
    <failure message="org/junit/Assert" type="java.lang.NoClassDefFoundError">java.lang.NoClassDefFoundError: org/junit/Assert
	at task.SimplyTaskListTest.testGetTaskCategory(SimplyTaskListTest.java:157)
</failure>
    <system-err>ápr. 03, 2016 4:49:51 DU task.SimplyTaskList getTaskIndex
INFO: Task index did not find.
ápr. 03, 2016 4:49:51 DU task.SimplyTaskList getTaskIndex
INFO: Task index did not find.
ápr. 03, 2016 4:49:51 DU task.SimplyTaskList getFirstIndexOfCategory
INFO: The first index was found
ápr. 03, 2016 4:49:51 DU task.SimplyTaskList getLastIndexOfCategory
INFO: The first index was found
ápr. 03, 2016 4:49:51 DU task.SimplyTaskList getLastIndexOfCategory
INFO: The category does not exist
ápr. 03, 2016 4:49:51 DU task.SimplyTaskList getTaskIndex
INFO: Task index did not find.
ápr. 03, 2016 4:49:51 DU task.SimplyTaskList getFirstIndexOfCategory
INFO: The first index was found
ápr. 03, 2016 4:49:51 DU task.SimplyTaskList getLastIndexOfCategory
INFO: The first index was found
ápr. 03, 2016 4:49:51 DU task.SimplyTaskList getLastIndexOfCategory
INFO: The first index was found
ápr. 03, 2016 4:49:51 DU task.SimplyTaskList getLastIndexOfCategory
INFO: The category does not exist
ápr. 03, 2016 4:49:51 DU task.SimplyTaskList getTaskIndex
INFO: Task index did not find.
ápr. 03, 2016 4:49:51 DU task.SimplyTaskList getFirstIndexOfCategory
INFO: The first index was found
ápr. 03, 2016 4:49:51 DU task.SimplyTaskList getLastIndexOfCategory
INFO: The first index was found
ápr. 03, 2016 4:49:51 DU task.SimplyTaskList getLastIndexOfCategory
INFO: The first index was found
ápr. 03, 2016 4:49:51 DU task.SimplyTaskList getLastIndexOfCategory
INFO: The first index was found
ápr. 03, 2016 4:49:51 DU task.SimplyTaskList getLastIndexOfCategory
INFO: The category does not exist
ápr. 03, 2016 4:49:51 DU task.SimplyTaskList getTaskIndex
INFO: Task index did not find.
ápr. 03, 2016 4:49:51 DU task.SimplyTaskList getLastIndexOfCategory
INFO: The first index was found
ápr. 03, 2016 4:49:51 DU task.SimplyTaskList getLastIndexOfCategory
INFO: The first index was found
ápr. 03, 2016 4:49:51 DU task.SimplyTaskList getLastIndexOfCategory
INFO: The first index was found
ápr. 03, 2016 4:49:51 DU task.SimplyTaskList getLastIndexOfCategory
INFO: The first index was found
ápr. 03, 2016 4:49:51 DU task.SimplyTaskList getLastIndexOfCategory
INFO: The category does not exist
ápr. 03, 2016 4:49:51 DU task.SimplyTaskList getTaskIndex
INFO: Task index did not find.
ápr. 03, 2016 4:49:51 DU task.SimplyTaskList getFirstIndexOfCategory
INFO: The first index was found
ápr. 03, 2016 4:49:51 DU task.SimplyTaskList getLastIndexOfCategory
INFO: The first index was found
ápr. 03, 2016 4:49:51 DU task.SimplyTaskList getLastIndexOfCategory
INFO: The category does not exist
ápr. 03, 2016 4:49:51 DU task.SimplyTaskList getTaskIndex
INFO: Task index did not find.
ápr. 03, 2016 4:49:51 DU task.SimplyTaskList getLastIndexOfCategory
INFO: The first index was found
ápr. 03, 2016 4:49:51 DU task.SimplyTaskList getLastIndexOfCategory
INFO: The first index was found
ápr. 03, 2016 4:49:51 DU task.SimplyTaskList getLastIndexOfCategory
INFO: The category does not exist
</system-err>
  </testcase>
  <testcase classname="task.SimplyTaskListTest" name="task.SimplyTaskListTest.testGetTaskComment" time="0.015">
    <failure message="org/junit/Assert" type="java.lang.NoClassDefFoundError">java.lang.NoClassDefFoundError: org/junit/Assert
	at task.SimplyTaskListTest.testGetTaskComment(SimplyTaskListTest.java:21)
</failure>
    <system-err>ápr. 03, 2016 4:49:51 DU task.SimplyTaskList getTaskIndex
INFO: Task index did not find.
</system-err>
  </testcase>
  <testcase classname="task.SimplyTaskListTest" name="task.SimplyTaskListTest.testGetFirstIndexOFCategory" time="0.203">
    <failure message="org/junit/Assert" type="java.lang.NoClassDefFoundError">java.lang.NoClassDefFoundError: org/junit/Assert
	at task.SimplyTaskListTest.testGetFirstIndexOFCategory(SimplyTaskListTest.java:99)
</failure>
    <system-err>ápr. 03, 2016 4:49:51 DU task.SimplyTaskList getTaskIndex
INFO: Task index did not find.
ápr. 03, 2016 4:49:51 DU task.SimplyTaskList getTaskIndex
INFO: Task index did not find.
ápr. 03, 2016 4:49:51 DU task.SimplyTaskList getFirstIndexOfCategory
INFO: The first index was found
ápr. 03, 2016 4:49:51 DU task.SimplyTaskList getLastIndexOfCategory
INFO: The first index was found
ápr. 03, 2016 4:49:51 DU task.SimplyTaskList getLastIndexOfCategory
INFO: The category does not exist
ápr. 03, 2016 4:49:51 DU task.SimplyTaskList getTaskIndex
INFO: Task index did not find.
ápr. 03, 2016 4:49:51 DU task.SimplyTaskList getFirstIndexOfCategory
INFO: The first index was found
ápr. 03, 2016 4:49:51 DU task.SimplyTaskList getLastIndexOfCategory
INFO: The first index was found
ápr. 03, 2016 4:49:51 DU task.SimplyTaskList getLastIndexOfCategory
INFO: The first index was found
ápr. 03, 2016 4:49:51 DU task.SimplyTaskList getLastIndexOfCategory
INFO: The category does not exist
ápr. 03, 2016 4:49:51 DU task.SimplyTaskList getTaskIndex
INFO: Task index did not find.
ápr. 03, 2016 4:49:51 DU task.SimplyTaskList getFirstIndexOfCategory
INFO: The first index was found
ápr. 03, 2016 4:49:51 DU task.SimplyTaskList getLastIndexOfCategory
INFO: The first index was found
ápr. 03, 2016 4:49:51 DU task.SimplyTaskList getLastIndexOfCategory
INFO: The first index was found
ápr. 03, 2016 4:49:51 DU task.SimplyTaskList getLastIndexOfCategory
INFO: The first index was found
ápr. 03, 2016 4:49:51 DU task.SimplyTaskList getLastIndexOfCategory
INFO: The category does not exist
ápr. 03, 2016 4:49:51 DU task.SimplyTaskList getTaskIndex
INFO: Task index did not find.
ápr. 03, 2016 4:49:51 DU task.SimplyTaskList getLastIndexOfCategory
INFO: The first index was found
ápr. 03, 2016 4:49:51 DU task.SimplyTaskList getLastIndexOfCategory
INFO: The first index was found
ápr. 03, 2016 4:49:51 DU task.SimplyTaskList getLastIndexOfCategory
INFO: The first index was found
ápr. 03, 2016 4:49:51 DU task.SimplyTaskList getLastIndexOfCategory
INFO: The first index was found
ápr. 03, 2016 4:49:51 DU task.SimplyTaskList getLastIndexOfCategory
INFO: The category does not exist
ápr. 03, 2016 4:49:51 DU task.SimplyTaskList getTaskIndex
INFO: Task index did not find.
ápr. 03, 2016 4:49:51 DU task.SimplyTaskList getFirstIndexOfCategory
INFO: The first index was found
ápr. 03, 2016 4:49:51 DU task.SimplyTaskList getLastIndexOfCategory
INFO: The first index was found
ápr. 03, 2016 4:49:51 DU task.SimplyTaskList getLastIndexOfCategory
INFO: The category does not exist
ápr. 03, 2016 4:49:51 DU task.SimplyTaskList getTaskIndex
INFO: Task index did not find.
ápr. 03, 2016 4:49:51 DU task.SimplyTaskList getLastIndexOfCategory
INFO: The first index was found
ápr. 03, 2016 4:49:51 DU task.SimplyTaskList getLastIndexOfCategory
INFO: The first index was found
ápr. 03, 2016 4:49:51 DU task.SimplyTaskList getLastIndexOfCategory
INFO: The category does not exist
ápr. 03, 2016 4:49:51 DU task.SimplyTaskList getFirstIndexOfCategory
INFO: The first index was found
</system-err>
  </testcase>
  <testcase classname="task.SimplyTaskListTest" name="task.SimplyTaskListTest.testGetLastPriorityInCategory" time="0.235">
    <failure message="org/junit/Assert" type="java.lang.NoClassDefFoundError">java.lang.NoClassDefFoundError: org/junit/Assert
	at task.SimplyTaskListTest.testGetLastPriorityInCategory(SimplyTaskListTest.java:123)
</failure>
    <system-err>ápr. 03, 2016 4:49:51 DU task.SimplyTaskList getTaskIndex
INFO: Task index did not find.
ápr. 03, 2016 4:49:51 DU task.SimplyTaskList getTaskIndex
INFO: Task index did not find.
ápr. 03, 2016 4:49:51 DU task.SimplyTaskList getFirstIndexOfCategory
INFO: The first index was found
ápr. 03, 2016 4:49:51 DU task.SimplyTaskList getLastIndexOfCategory
INFO: The first index was found
ápr. 03, 2016 4:49:51 DU task.SimplyTaskList getLastIndexOfCategory
INFO: The category does not exist
ápr. 03, 2016 4:49:51 DU task.SimplyTaskList getTaskIndex
INFO: Task index did not find.
ápr. 03, 2016 4:49:51 DU task.SimplyTaskList getFirstIndexOfCategory
INFO: The first index was found
ápr. 03, 2016 4:49:51 DU task.SimplyTaskList getLastIndexOfCategory
INFO: The first index was found
ápr. 03, 2016 4:49:51 DU task.SimplyTaskList getLastIndexOfCategory
INFO: The first index was found
ápr. 03, 2016 4:49:51 DU task.SimplyTaskList getLastIndexOfCategory
INFO: The category does not exist
ápr. 03, 2016 4:49:51 DU task.SimplyTaskList getTaskIndex
INFO: Task index did not find.
ápr. 03, 2016 4:49:51 DU task.SimplyTaskList getFirstIndexOfCategory
INFO: The first index was found
ápr. 03, 2016 4:49:51 DU task.SimplyTaskList getLastIndexOfCategory
INFO: The first index was found
ápr. 03, 2016 4:49:51 DU task.SimplyTaskList getLastIndexOfCategory
INFO: The first index was found
ápr. 03, 2016 4:49:51 DU task.SimplyTaskList getLastIndexOfCategory
INFO: The first index was found
ápr. 03, 2016 4:49:51 DU task.SimplyTaskList getLastIndexOfCategory
INFO: The category does not exist
ápr. 03, 2016 4:49:51 DU task.SimplyTaskList getTaskIndex
INFO: Task index did not find.
ápr. 03, 2016 4:49:51 DU task.SimplyTaskList getLastIndexOfCategory
INFO: The first index was found
ápr. 03, 2016 4:49:51 DU task.SimplyTaskList getLastIndexOfCategory
INFO: The first index was found
ápr. 03, 2016 4:49:51 DU task.SimplyTaskList getLastIndexOfCategory
INFO: The first index was found
ápr. 03, 2016 4:49:51 DU task.SimplyTaskList getLastIndexOfCategory
INFO: The first index was found
ápr. 03, 2016 4:49:51 DU task.SimplyTaskList getLastIndexOfCategory
INFO: The category does not exist
ápr. 03, 2016 4:49:51 DU task.SimplyTaskList getTaskIndex
INFO: Task index did not find.
ápr. 03, 2016 4:49:51 DU task.SimplyTaskList getFirstIndexOfCategory
INFO: The first index was found
ápr. 03, 2016 4:49:51 DU task.SimplyTaskList getLastIndexOfCategory
INFO: The first index was found
ápr. 03, 2016 4:49:51 DU task.SimplyTaskList getLastIndexOfCategory
INFO: The category does not exist
ápr. 03, 2016 4:49:51 DU task.SimplyTaskList getTaskIndex
INFO: Task index did not find.
ápr. 03, 2016 4:49:51 DU task.SimplyTaskList getLastIndexOfCategory
INFO: The first index was found
ápr. 03, 2016 4:49:51 DU task.SimplyTaskList getLastIndexOfCategory
INFO: The first index was found
ápr. 03, 2016 4:49:51 DU task.SimplyTaskList getLastIndexOfCategory
INFO: The category does not exist
ápr. 03, 2016 4:49:51 DU task.SimplyTaskList getLastPriorityInCategory
INFO: The category ([A, A, A, A, B, B, C]found: 4
</system-err>
  </testcase>
  <testcase classname="task.SimplyTaskListTest" name="task.SimplyTaskListTest.testGetLastIndexOfCategory" time="0.218">
    <failure message="org/junit/Assert" type="java.lang.NoClassDefFoundError">java.lang.NoClassDefFoundError: org/junit/Assert
	at task.SimplyTaskListTest.testGetLastIndexOfCategory(SimplyTaskListTest.java:91)
</failure>
    <system-err>ápr. 03, 2016 4:49:51 DU task.SimplyTaskList getTaskIndex
INFO: Task index did not find.
ápr. 03, 2016 4:49:51 DU task.SimplyTaskList getTaskIndex
INFO: Task index did not find.
ápr. 03, 2016 4:49:51 DU task.SimplyTaskList getFirstIndexOfCategory
INFO: The first index was found
ápr. 03, 2016 4:49:51 DU task.SimplyTaskList getLastIndexOfCategory
INFO: The first index was found
ápr. 03, 2016 4:49:51 DU task.SimplyTaskList getLastIndexOfCategory
INFO: The category does not exist
ápr. 03, 2016 4:49:51 DU task.SimplyTaskList getTaskIndex
INFO: Task index did not find.
ápr. 03, 2016 4:49:51 DU task.SimplyTaskList getFirstIndexOfCategory
INFO: The first index was found
ápr. 03, 2016 4:49:51 DU task.SimplyTaskList getLastIndexOfCategory
INFO: The first index was found
ápr. 03, 2016 4:49:51 DU task.SimplyTaskList getLastIndexOfCategory
INFO: The first index was found
ápr. 03, 2016 4:49:51 DU task.SimplyTaskList getLastIndexOfCategory
INFO: The category does not exist
ápr. 03, 2016 4:49:51 DU task.SimplyTaskList getTaskIndex
INFO: Task index did not find.
ápr. 03, 2016 4:49:51 DU task.SimplyTaskList getFirstIndexOfCategory
INFO: The first index was found
ápr. 03, 2016 4:49:51 DU task.SimplyTaskList getLastIndexOfCategory
INFO: The first index was found
ápr. 03, 2016 4:49:51 DU task.SimplyTaskList getLastIndexOfCategory
INFO: The first index was found
ápr. 03, 2016 4:49:51 DU task.SimplyTaskList getLastIndexOfCategory
INFO: The first index was found
ápr. 03, 2016 4:49:51 DU task.SimplyTaskList getLastIndexOfCategory
INFO: The category does not exist
ápr. 03, 2016 4:49:51 DU task.SimplyTaskList getTaskIndex
INFO: Task index did not find.
ápr. 03, 2016 4:49:51 DU task.SimplyTaskList getLastIndexOfCategory
INFO: The first index was found
ápr. 03, 2016 4:49:51 DU task.SimplyTaskList getLastIndexOfCategory
INFO: The first index was found
ápr. 03, 2016 4:49:51 DU task.SimplyTaskList getLastIndexOfCategory
INFO: The first index was found
ápr. 03, 2016 4:49:51 DU task.SimplyTaskList getLastIndexOfCategory
INFO: The first index was found
ápr. 03, 2016 4:49:51 DU task.SimplyTaskList getLastIndexOfCategory
INFO: The category does not exist
ápr. 03, 2016 4:49:51 DU task.SimplyTaskList getTaskIndex
INFO: Task index did not find.
ápr. 03, 2016 4:49:51 DU task.SimplyTaskList getFirstIndexOfCategory
INFO: The first index was found
ápr. 03, 2016 4:49:51 DU task.SimplyTaskList getLastIndexOfCategory
INFO: The first index was found
ápr. 03, 2016 4:49:51 DU task.SimplyTaskList getLastIndexOfCategory
INFO: The category does not exist
ápr. 03, 2016 4:49:51 DU task.SimplyTaskList getTaskIndex
INFO: Task index did not find.
ápr. 03, 2016 4:49:51 DU task.SimplyTaskList getLastIndexOfCategory
INFO: The first index was found
ápr. 03, 2016 4:49:51 DU task.SimplyTaskList getLastIndexOfCategory
INFO: The first index was found
ápr. 03, 2016 4:49:51 DU task.SimplyTaskList getLastIndexOfCategory
INFO: The category does not exist
ápr. 03, 2016 4:49:51 DU task.SimplyTaskList getLastIndexOfCategory
INFO: The first index was found
ápr. 03, 2016 4:49:51 DU task.SimplyTaskList getLastIndexOfCategory
INFO: The first index was found
ápr. 03, 2016 4:49:51 DU task.SimplyTaskList getLastIndexOfCategory
INFO: The first index was found
ápr. 03, 2016 4:49:51 DU task.SimplyTaskList getLastIndexOfCategory
INFO: The first index was found
ápr. 03, 2016 4:49:51 DU task.SimplyTaskList getLastIndexOfCategory
INFO: The category does not exist
</system-err>
  </testcase>
</testsuite>